<?xml version="1.0" encoding="UTF-8"?>
<testsuite name="addToCart.AddToCartTests" tests="1" skipped="0" failures="0" errors="0" timestamp="2021-07-14T04:29:08" hostname="EDWIN22" time="7.015">
  <properties/>
  <testcase name="testClick()" classname="addToCart.AddToCartTests" time="7.015"/>
  <system-out><![CDATA[]]></system-out>
  <system-err><![CDATA[Starting ChromeDriver 91.0.4472.101 (af52a90bf87030dd1523486a1cd3ae25c5d76c9b-refs/branch-heads/4472@{#1462}) on port 22233
Only local connections are allowed.
Please see https://chromedriver.chromium.org/security-considerations for suggestions on keeping ChromeDriver safe.
ChromeDriver was started successfully.
jul. 13, 2021 11:29:05 P. M. org.openqa.selenium.remote.ProtocolHandshake createSession
INFORMACIÓN: Detected dialect: W3C
]]></system-err>
</testsuite>
