<?xml version="1.0" encoding="UTF-8"?>
<testsuite name="addToCart.AddToCartTests" tests="1" skipped="0" failures="0" errors="0" timestamp="2021-07-13T15:19:53" hostname="EDWIN22" time="27.095">
  <properties/>
  <testcase name="testClick()" classname="addToCart.AddToCartTests" time="27.095"/>
  <system-out><![CDATA[]]></system-out>
  <system-err><![CDATA[Starting ChromeDriver 91.0.4472.101 (af52a90bf87030dd1523486a1cd3ae25c5d76c9b-refs/branch-heads/4472@{#1462}) on port 47088
Only local connections are allowed.
Please see https://chromedriver.chromium.org/security-considerations for suggestions on keeping ChromeDriver safe.
ChromeDriver was started successfully.
jul. 13, 2021 10:19:41 A. M. org.openqa.selenium.remote.ProtocolHandshake createSession
INFORMACIÓN: Detected dialect: W3C
]]></system-err>
</testsuite>
